# JRE version: OpenJDK Runtime Environment (8.0_191-b12) (build 1.8.0_191-8u191-b12-0ubuntu0.16.04.1-b12)
# Java VM: OpenJDK 64-Bit Server VM (25.191-b12 mixed mode linux-amd64 compressed oops)
Heap:
 PSYoungGen      total 66048K, used 32K [0x00000000e6700000, 0x00000000eb400000, 0x0000000100000000)
  eden space 64512K, 0% used [0x00000000e6700000,0x00000000e6700000,0x00000000ea600000)
  from space 1536K, 2% used [0x00000000eb100000,0x00000000eb108000,0x00000000eb280000)
  to   space 512K, 0% used [0x00000000eb380000,0x00000000eb380000,0x00000000eb400000)
 ParOldGen       total 53248K, used 816K [0x00000000b3400000, 0x00000000b6800000, 0x00000000e6700000)
  object space 53248K, 1% used [0x00000000b3400000,0x00000000b34cc070,0x00000000b6800000)
 Metaspace       used 5081K, capacity 5166K, committed 5504K, reserved 1056768K
  class space    used 499K, capacity 529K, committed 640K, reserved 1048576K
GC Heap History (10 events):
Event: 66,425 GC heap after
Heap after GC invocations=14 (full 0):
 PSYoungGen      total 74752K, used 32K [0x00000000e6700000, 0x00000000eb600000, 0x0000000100000000)
  eden space 74240K, 0% used [0x00000000e6700000,0x00000000e6700000,0x00000000eaf80000)
  from space 512K, 6% used [0x00000000eb580000,0x00000000eb588000,0x00000000eb600000)
  to   space 1536K, 0% used [0x00000000eb300000,0x00000000eb300000,0x00000000eb480000)
 ParOldGen       total 53248K, used 808K [0x00000000b3400000, 0x00000000b6800000, 0x00000000e6700000)
  object space 53248K, 1% used [0x00000000b3400000,0x00000000b34ca070,0x00000000b6800000)
 Metaspace       used 5054K, capacity 5102K, committed 5248K, reserved 1056768K
  class space    used 498K, capacity 529K, committed 640K, reserved 1048576K
}
Event: 75,145 GC heap before
{Heap before GC invocations=15 (full 0):
 PSYoungGen      total 74752K, used 74272K [0x00000000e6700000, 0x00000000eb600000, 0x0000000100000000)
  eden space 74240K, 100% used [0x00000000e6700000,0x00000000eaf80000,0x00000000eaf80000)
  from space 512K, 6% used [0x00000000eb580000,0x00000000eb588000,0x00000000eb600000)
  to   space 1536K, 0% used [0x00000000eb300000,0x00000000eb300000,0x00000000eb480000)
 ParOldGen       total 53248K, used 808K [0x00000000b3400000, 0x00000000b6800000, 0x00000000e6700000)
  object space 53248K, 1% used [0x00000000b3400000,0x00000000b34ca070,0x00000000b6800000)
 Metaspace       used 5054K, capacity 5102K, committed 5248K, reserved 1056768K
  class space    used 498K, capacity 529K, committed 640K, reserved 1048576K
Event: 75,146 GC heap after
Heap after GC invocations=15 (full 0):
 PSYoungGen      total 73216K, used 32K [0x00000000e6700000, 0x00000000eb600000, 0x0000000100000000)
  eden space 71680K, 0% used [0x00000000e6700000,0x00000000e6700000,0x00000000ead00000)
  from space 1536K, 2% used [0x00000000eb300000,0x00000000eb308000,0x00000000eb480000)
  to   space 1536K, 0% used [0x00000000eb480000,0x00000000eb480000,0x00000000eb600000)
 ParOldGen       total 53248K, used 808K [0x00000000b3400000, 0x00000000b6800000, 0x00000000e6700000)
  object space 53248K, 1% used [0x00000000b3400000,0x00000000b34ca070,0x00000000b6800000)
 Metaspace       used 5054K, capacity 5102K, committed 5248K, reserved 1056768K
  class space    used 498K, capacity 529K, committed 640K, reserved 1048576K
}
Event: 82,118 GC heap before
{Heap before GC invocations=16 (full 0):
 PSYoungGen      total 73216K, used 71712K [0x00000000e6700000, 0x00000000eb600000, 0x0000000100000000)
  eden space 71680K, 100% used [0x00000000e6700000,0x00000000ead00000,0x00000000ead00000)
  from space 1536K, 2% used [0x00000000eb300000,0x00000000eb308000,0x00000000eb480000)
  to   space 1536K, 0% used [0x00000000eb480000,0x00000000eb480000,0x00000000eb600000)
 ParOldGen       total 53248K, used 808K [0x00000000b3400000, 0x00000000b6800000, 0x00000000e6700000)
  object space 53248K, 1% used [0x00000000b3400000,0x00000000b34ca070,0x00000000b6800000)
 Metaspace       used 5054K, capacity 5102K, committed 5248K, reserved 1056768K
  class space    used 498K, capacity 529K, committed 640K, reserved 1048576K
Event: 82,119 GC heap after
Heap after GC invocations=16 (full 0):
 PSYoungGen      total 69632K, used 32K [0x00000000e6700000, 0x00000000eb500000, 0x0000000100000000)
  eden space 69120K, 0% used [0x00000000e6700000,0x00000000e6700000,0x00000000eaa80000)
  from space 512K, 6% used [0x00000000eb480000,0x00000000eb488000,0x00000000eb500000)
  to   space 1536K, 0% used [0x00000000eb200000,0x00000000eb200000,0x00000000eb380000)
 ParOldGen       total 53248K, used 808K [0x00000000b3400000, 0x00000000b6800000, 0x00000000e6700000)
  object space 53248K, 1% used [0x00000000b3400000,0x00000000b34ca070,0x00000000b6800000)
 Metaspace       used 5054K, capacity 5102K, committed 5248K, reserved 1056768K
  class space    used 498K, capacity 529K, committed 640K, reserved 1048576K
}
Event: 91,825 GC heap before
{Heap before GC invocations=17 (full 0):
 PSYoungGen      total 69632K, used 69152K [0x00000000e6700000, 0x00000000eb500000, 0x0000000100000000)
  eden space 69120K, 100% used [0x00000000e6700000,0x00000000eaa80000,0x00000000eaa80000)
  from space 512K, 6% used [0x00000000eb480000,0x00000000eb488000,0x00000000eb500000)
  to   space 1536K, 0% used [0x00000000eb200000,0x00000000eb200000,0x00000000eb380000)
 ParOldGen       total 53248K, used 808K [0x00000000b3400000, 0x00000000b6800000, 0x00000000e6700000)
  object space 53248K, 1% used [0x00000000b3400000,0x00000000b34ca070,0x00000000b6800000)
 Metaspace       used 5081K, capacity 5166K, committed 5504K, reserved 1056768K
  class space    used 499K, capacity 529K, committed 640K, reserved 1048576K
Event: 91,826 GC heap after
Heap after GC invocations=17 (full 0):
 PSYoungGen      total 68096K, used 32K [0x00000000e6700000, 0x00000000eb500000, 0x0000000100000000)
  eden space 66560K, 0% used [0x00000000e6700000,0x00000000e6700000,0x00000000ea800000)
  from space 1536K, 2% used [0x00000000eb200000,0x00000000eb208000,0x00000000eb380000)
  to   space 1536K, 0% used [0x00000000eb380000,0x00000000eb380000,0x00000000eb500000)
 ParOldGen       total 53248K, used 808K [0x00000000b3400000, 0x00000000b6800000, 0x00000000e6700000)
  object space 53248K, 1% used [0x00000000b3400000,0x00000000b34ca070,0x00000000b6800000)
 Metaspace       used 5081K, capacity 5166K, committed 5504K, reserved 1056768K
  class space    used 499K, capacity 529K, committed 640K, reserved 1048576K
}
Event: 98,462 GC heap before
{Heap before GC invocations=18 (full 0):
 PSYoungGen      total 68096K, used 66592K [0x00000000e6700000, 0x00000000eb500000, 0x0000000100000000)
  eden space 66560K, 100% used [0x00000000e6700000,0x00000000ea800000,0x00000000ea800000)
  from space 1536K, 2% used [0x00000000eb200000,0x00000000eb208000,0x00000000eb380000)
  to   space 1536K, 0% used [0x00000000eb380000,0x00000000eb380000,0x00000000eb500000)
 ParOldGen       total 53248K, used 808K [0x00000000b3400000, 0x00000000b6800000, 0x00000000e6700000)
  object space 53248K, 1% used [0x00000000b3400000,0x00000000b34ca070,0x00000000b6800000)
 Metaspace       used 5081K, capacity 5166K, committed 5504K, reserved 1056768K
  class space    used 499K, capacity 529K, committed 640K, reserved 1048576K
Event: 98,463 GC heap after
Heap after GC invocations=18 (full 0):
 PSYoungGen      total 65024K, used 32K [0x00000000e6700000, 0x00000000eb400000, 0x0000000100000000)
  eden space 64512K, 0% used [0x00000000e6700000,0x00000000e6700000,0x00000000ea600000)
  from space 512K, 6% used [0x00000000eb380000,0x00000000eb388000,0x00000000eb400000)
  to   space 1536K, 0% used [0x00000000eb100000,0x00000000eb100000,0x00000000eb280000)
 ParOldGen       total 53248K, used 816K [0x00000000b3400000, 0x00000000b6800000, 0x00000000e6700000)
  object space 53248K, 1% used [0x00000000b3400000,0x00000000b34cc070,0x00000000b6800000)
 Metaspace       used 5081K, capacity 5166K, committed 5504K, reserved 1056768K
  class space    used 499K, capacity 529K, committed 640K, reserved 1048576K
}
Event: 105,542 GC heap before
{Heap before GC invocations=19 (full 0):
 PSYoungGen      total 65024K, used 64544K [0x00000000e6700000, 0x00000000eb400000, 0x0000000100000000)
  eden space 64512K, 100% used [0x00000000e6700000,0x00000000ea600000,0x00000000ea600000)
  from space 512K, 6% used [0x00000000eb380000,0x00000000eb388000,0x00000000eb400000)
  to   space 1536K, 0% used [0x00000000eb100000,0x00000000eb100000,0x00000000eb280000)
 ParOldGen       total 53248K, used 816K [0x00000000b3400000, 0x00000000b6800000, 0x00000000e6700000)
  object space 53248K, 1% used [0x00000000b3400000,0x00000000b34cc070,0x00000000b6800000)
 Metaspace       used 5081K, capacity 5166K, committed 5504K, reserved 1056768K
  class space    used 499K, capacity 529K, committed 640K, reserved 1048576K

