# JRE version: OpenJDK Runtime Environment (8.0_191-b12) (build 1.8.0_191-8u191-b12-0ubuntu0.16.04.1-b12)
# Java VM: OpenJDK 64-Bit Server VM (25.191-b12 mixed mode linux-amd64 compressed oops)
Heap:
 PSYoungGen      total 44032K, used 816K [0x00000000e6700000, 0x00000000e9500000, 0x0000000100000000)
  eden space 40960K, 0% used [0x00000000e6700000,0x00000000e6700000,0x00000000e8f00000)
  from space 3072K, 26% used [0x00000000e8f00000,0x00000000e8fcc010,0x00000000e9200000)
  to   space 3072K, 0% used [0x00000000e9200000,0x00000000e9200000,0x00000000e9500000)
 ParOldGen       total 53248K, used 8K [0x00000000b3400000, 0x00000000b6800000, 0x00000000e6700000)
  object space 53248K, 0% used [0x00000000b3400000,0x00000000b3402000,0x00000000b6800000)
 Metaspace       used 4989K, capacity 5098K, committed 5248K, reserved 1056768K
  class space    used 497K, capacity 529K, committed 640K, reserved 1048576K
GC Heap History (9 events):
Event: 4,760 GC heap before
{Heap before GC invocations=1 (full 0):
 PSYoungGen      total 23552K, used 20480K [0x00000000e6700000, 0x00000000e8100000, 0x0000000100000000)
  eden space 20480K, 100% used [0x00000000e6700000,0x00000000e7b00000,0x00000000e7b00000)
  from space 3072K, 0% used [0x00000000e7e00000,0x00000000e7e00000,0x00000000e8100000)
  to   space 3072K, 0% used [0x00000000e7b00000,0x00000000e7b00000,0x00000000e7e00000)
 ParOldGen       total 53248K, used 0K [0x00000000b3400000, 0x00000000b6800000, 0x00000000e6700000)
  object space 53248K, 0% used [0x00000000b3400000,0x00000000b3400000,0x00000000b6800000)
 Metaspace       used 4988K, capacity 5098K, committed 5248K, reserved 1056768K
  class space    used 497K, capacity 529K, committed 640K, reserved 1048576K
Event: 4,790 GC heap after
Heap after GC invocations=1 (full 0):
 PSYoungGen      total 23552K, used 1138K [0x00000000e6700000, 0x00000000e8100000, 0x0000000100000000)
  eden space 20480K, 0% used [0x00000000e6700000,0x00000000e6700000,0x00000000e7b00000)
  from space 3072K, 37% used [0x00000000e7b00000,0x00000000e7c1c9d0,0x00000000e7e00000)
  to   space 3072K, 0% used [0x00000000e7e00000,0x00000000e7e00000,0x00000000e8100000)
 ParOldGen       total 53248K, used 0K [0x00000000b3400000, 0x00000000b6800000, 0x00000000e6700000)
  object space 53248K, 0% used [0x00000000b3400000,0x00000000b3400000,0x00000000b6800000)
 Metaspace       used 4988K, capacity 5098K, committed 5248K, reserved 1056768K
  class space    used 497K, capacity 529K, committed 640K, reserved 1048576K
}
Event: 5,134 GC heap before
{Heap before GC invocations=2 (full 0):
 PSYoungGen      total 23552K, used 21618K [0x00000000e6700000, 0x00000000e8100000, 0x0000000100000000)
  eden space 20480K, 100% used [0x00000000e6700000,0x00000000e7b00000,0x00000000e7b00000)
  from space 3072K, 37% used [0x00000000e7b00000,0x00000000e7c1c9d0,0x00000000e7e00000)
  to   space 3072K, 0% used [0x00000000e7e00000,0x00000000e7e00000,0x00000000e8100000)
 ParOldGen       total 53248K, used 0K [0x00000000b3400000, 0x00000000b6800000, 0x00000000e6700000)
  object space 53248K, 0% used [0x00000000b3400000,0x00000000b3400000,0x00000000b6800000)
 Metaspace       used 4989K, capacity 5098K, committed 5248K, reserved 1056768K
  class space    used 497K, capacity 529K, committed 640K, reserved 1048576K
Event: 5,138 GC heap after
Heap after GC invocations=2 (full 0):
 PSYoungGen      total 23552K, used 864K [0x00000000e6700000, 0x00000000e8100000, 0x0000000100000000)
  eden space 20480K, 0% used [0x00000000e6700000,0x00000000e6700000,0x00000000e7b00000)
  from space 3072K, 28% used [0x00000000e7e00000,0x00000000e7ed8020,0x00000000e8100000)
  to   space 3072K, 0% used [0x00000000e7b00000,0x00000000e7b00000,0x00000000e7e00000)
 ParOldGen       total 53248K, used 8K [0x00000000b3400000, 0x00000000b6800000, 0x00000000e6700000)
  object space 53248K, 0% used [0x00000000b3400000,0x00000000b3402000,0x00000000b6800000)
 Metaspace       used 4989K, capacity 5098K, committed 5248K, reserved 1056768K
  class space    used 497K, capacity 529K, committed 640K, reserved 1048576K
}
Event: 5,263 GC heap before
{Heap before GC invocations=3 (full 0):
 PSYoungGen      total 23552K, used 21344K [0x00000000e6700000, 0x00000000e8100000, 0x0000000100000000)
  eden space 20480K, 100% used [0x00000000e6700000,0x00000000e7b00000,0x00000000e7b00000)
  from space 3072K, 28% used [0x00000000e7e00000,0x00000000e7ed8020,0x00000000e8100000)
  to   space 3072K, 0% used [0x00000000e7b00000,0x00000000e7b00000,0x00000000e7e00000)
 ParOldGen       total 53248K, used 8K [0x00000000b3400000, 0x00000000b6800000, 0x00000000e6700000)
  object space 53248K, 0% used [0x00000000b3400000,0x00000000b3402000,0x00000000b6800000)
 Metaspace       used 4989K, capacity 5098K, committed 5248K, reserved 1056768K
  class space    used 497K, capacity 529K, committed 640K, reserved 1048576K
Event: 5,265 GC heap after
Heap after GC invocations=3 (full 0):
 PSYoungGen      total 23552K, used 800K [0x00000000e6700000, 0x00000000e9500000, 0x0000000100000000)
  eden space 20480K, 0% used [0x00000000e6700000,0x00000000e6700000,0x00000000e7b00000)
  from space 3072K, 26% used [0x00000000e7b00000,0x00000000e7bc8020,0x00000000e7e00000)
  to   space 3072K, 0% used [0x00000000e9200000,0x00000000e9200000,0x00000000e9500000)
 ParOldGen       total 53248K, used 8K [0x00000000b3400000, 0x00000000b6800000, 0x00000000e6700000)
  object space 53248K, 0% used [0x00000000b3400000,0x00000000b3402000,0x00000000b6800000)
 Metaspace       used 4989K, capacity 5098K, committed 5248K, reserved 1056768K
  class space    used 497K, capacity 529K, committed 640K, reserved 1048576K
}
Event: 5,363 GC heap before
{Heap before GC invocations=4 (full 0):
 PSYoungGen      total 23552K, used 21280K [0x00000000e6700000, 0x00000000e9500000, 0x0000000100000000)
  eden space 20480K, 100% used [0x00000000e6700000,0x00000000e7b00000,0x00000000e7b00000)
  from space 3072K, 26% used [0x00000000e7b00000,0x00000000e7bc8020,0x00000000e7e00000)
  to   space 3072K, 0% used [0x00000000e9200000,0x00000000e9200000,0x00000000e9500000)
 ParOldGen       total 53248K, used 8K [0x00000000b3400000, 0x00000000b6800000, 0x00000000e6700000)
  object space 53248K, 0% used [0x00000000b3400000,0x00000000b3402000,0x00000000b6800000)
 Metaspace       used 4989K, capacity 5098K, committed 5248K, reserved 1056768K
  class space    used 497K, capacity 529K, committed 640K, reserved 1048576K
Event: 5,365 GC heap after
Heap after GC invocations=4 (full 0):
 PSYoungGen      total 44032K, used 800K [0x00000000e6700000, 0x00000000e9500000, 0x0000000100000000)
  eden space 40960K, 0% used [0x00000000e6700000,0x00000000e6700000,0x00000000e8f00000)
  from space 3072K, 26% used [0x00000000e9200000,0x00000000e92c8020,0x00000000e9500000)
  to   space 3072K, 0% used [0x00000000e8f00000,0x00000000e8f00000,0x00000000e9200000)
 ParOldGen       total 53248K, used 8K [0x00000000b3400000, 0x00000000b6800000, 0x00000000e6700000)
  object space 53248K, 0% used [0x00000000b3400000,0x00000000b3402000,0x00000000b6800000)
 Metaspace       used 4989K, capacity 5098K, committed 5248K, reserved 1056768K
  class space    used 497K, capacity 529K, committed 640K, reserved 1048576K
}
Event: 10,035 GC heap before
{Heap before GC invocations=5 (full 0):
 PSYoungGen      total 44032K, used 41760K [0x00000000e6700000, 0x00000000e9500000, 0x0000000100000000)
  eden space 40960K, 100% used [0x00000000e6700000,0x00000000e8f00000,0x00000000e8f00000)
  from space 3072K, 26% used [0x00000000e9200000,0x00000000e92c8020,0x00000000e9500000)
  to   space 3072K, 0% used [0x00000000e8f00000,0x00000000e8f00000,0x00000000e9200000)
 ParOldGen       total 53248K, used 8K [0x00000000b3400000, 0x00000000b6800000, 0x00000000e6700000)
  object space 53248K, 0% used [0x00000000b3400000,0x00000000b3402000,0x00000000b6800000)
 Metaspace       used 4989K, capacity 5098K, committed 5248K, reserved 1056768K
  class space    used 497K, capacity 529K, committed 640K, reserved 1048576K

